<?xml version="1.0" encoding="UTF-8"?>
<!-- Generated by org.testng.reporters.JUnitReportReporter -->
<testsuite hostname="BANPC0XGV2W" failures="0" tests="1" name="com.my_first_projectv1.testcases.TC_02_Test_verifyAll_homeLink" time="39.158" errors="0" timestamp="27 Jun 2020 02:27:35 GMT" skipped="0">
  <testcase classname="com.my_first_projectv1.testcases.TC_02_Test_verifyAll_homeLink" name="allHomeLinkVerify" time="39.158"/>
</testsuite> <!-- com.my_first_projectv1.testcases.TC_02_Test_verifyAll_homeLink -->
