<?xml version="1.0" encoding="UTF-8"?>
<!-- Generated by org.testng.reporters.JUnitReportReporter -->
<testsuite hostname="BANPC0XGV2W" failures="0" tests="1" name="com.my_first_projectv1.testcases.TC_02_Test_verifyAll_homeLink" time="32.609" errors="0" timestamp="27 Jun 2020 00:58:51 GMT" skipped="0">
  <testcase classname="com.my_first_projectv1.testcases.TC_02_Test_verifyAll_homeLink" name="allHomeLinkVerify" time="32.609"/>
</testsuite> <!-- com.my_first_projectv1.testcases.TC_02_Test_verifyAll_homeLink -->
