<?xml version="1.0" encoding="UTF-8"?>
<!-- Generated by org.testng.reporters.JUnitReportReporter -->
<testsuite hostname="BANPC0XGV2W" failures="0" tests="2" name="com.my_first_projectv1.testcases.TC_login_Testcase_001" time="35.844" errors="0" timestamp="27 Jun 2020 00:33:07 GMT" skipped="0">
  <testcase classname="com.my_first_projectv1.testcases.TC_login_Testcase_001" name="allHomeLinkVerify" time="25.041"/>
  <testcase classname="com.my_first_projectv1.testcases.TC_login_Testcase_001" name="LoginTest" time="10.803"/>
</testsuite> <!-- com.my_first_projectv1.testcases.TC_login_Testcase_001 -->
