<?xml version="1.0" encoding="UTF-8"?>
<!-- Generated by org.testng.reporters.JUnitReportReporter -->
<testsuite hostname="BANPC0XGV2W" failures="0" tests="1" name="com.my_first_projectv1.testcases.TC_login_Testcase_001" time="18.043" errors="0" timestamp="27 Jun 2020 02:27:35 GMT" skipped="0">
  <testcase classname="com.my_first_projectv1.testcases.TC_login_Testcase_001" name="LoginTest" time="18.043"/>
</testsuite> <!-- com.my_first_projectv1.testcases.TC_login_Testcase_001 -->
